<?xml version="1.0" encoding="UTF-8"?>
<testsuite xmlns:xsi="http://www.w3.org/2001/XMLSchema-instance" xsi:noNamespaceSchemaLocation="https://maven.apache.org/surefire/maven-surefire-plugin/xsd/surefire-test-report-3.0.xsd" version="3.0" name="Mingeso.TopEducation.CuotaServiceTest" time="9.901" tests="19" errors="0" skipped="0" failures="0">
  <properties>
[...]
</properties>
  <testcase name="pagarPendientesTest" classname="Mingeso.TopEducation.CuotaServiceTest" time="0.952">
    <system-out><![CDATA[01:26:42.669 [main] INFO org.springframework.test.context.support.AnnotationConfigContextLoaderUtils -- Could not detect default configuration classes for test class [Mingeso.TopEducation.CuotaServiceTest]: CuotaServiceTest does not declare any static, non-private, non-final, nested classes annotated with @Configuration.
01:26:42.885 [main] INFO org.springframework.boot.test.context.SpringBootTestContextBootstrapper -- Found @SpringBootConfiguration Mingeso.TopEducation.TopEducationApplication for test class Mingeso.TopEducation.CuotaServiceTest

  .   ____          _            __ _ _
 /\\ / ___'_ __ _ _(_)_ __  __ _ \ \ \ \
( ( )\___ | '_ | '_| | '_ \/ _` | \ \ \ \
 \\/  ___)| |_)| | | | | || (_| |  ) ) ) )
  '  |____| .__|_| |_|_| |_\__, | / / / /
 =========|_|==============|___/=/_/_/_/
 :: Spring Boot ::                (v3.1.3)

2023-10-16T01:26:43.669-03:00  INFO 5284 --- [           main] Mingeso.TopEducation.CuotaServiceTest    : Starting CuotaServiceTest using Java 19.0.2 with PID 5284 (started by flyed in C:\Users\flyed\OneDrive\Escritorio\MTISW_EV1\TopEducation)
2023-10-16T01:26:43.671-03:00  INFO 5284 --- [           main] Mingeso.TopEducation.CuotaServiceTest    : No active profile set, falling back to 1 default profile: "default"
2023-10-16T01:26:44.741-03:00  INFO 5284 --- [           main] .s.d.r.c.RepositoryConfigurationDelegate : Bootstrapping Spring Data JPA repositories in DEFAULT mode.
2023-10-16T01:26:44.854-03:00  INFO 5284 --- [           main] .s.d.r.c.RepositoryConfigurationDelegate : Finished Spring Data repository scanning in 90 ms. Found 3 JPA repository interfaces.
2023-10-16T01:26:45.550-03:00  INFO 5284 --- [           main] o.hibernate.jpa.internal.util.LogHelper  : HHH000204: Processing PersistenceUnitInfo [name: default]
2023-10-16T01:26:45.661-03:00  INFO 5284 --- [           main] org.hibernate.Version                    : HHH000412: Hibernate ORM core version 6.2.7.Final
2023-10-16T01:26:45.665-03:00  INFO 5284 --- [           main] org.hibernate.cfg.Environment            : HHH000406: Using bytecode reflection optimizer
2023-10-16T01:26:45.989-03:00  INFO 5284 --- [           main] o.h.b.i.BytecodeProviderInitiator        : HHH000021: Bytecode provider name : bytebuddy
2023-10-16T01:26:46.224-03:00  INFO 5284 --- [           main] o.s.o.j.p.SpringPersistenceUnitInfo      : No LoadTimeWeaver setup: ignoring JPA class transformer
2023-10-16T01:26:46.256-03:00  INFO 5284 --- [           main] com.zaxxer.hikari.HikariDataSource       : HikariPool-1 - Starting...
2023-10-16T01:26:46.847-03:00  INFO 5284 --- [           main] com.zaxxer.hikari.pool.HikariPool        : HikariPool-1 - Added connection com.mysql.cj.jdbc.ConnectionImpl@674184d
2023-10-16T01:26:46.852-03:00  INFO 5284 --- [           main] com.zaxxer.hikari.HikariDataSource       : HikariPool-1 - Start completed.
2023-10-16T01:26:47.450-03:00  INFO 5284 --- [           main] o.h.b.i.BytecodeProviderInitiator        : HHH000021: Bytecode provider name : bytebuddy
2023-10-16T01:26:48.898-03:00  INFO 5284 --- [           main] o.h.e.t.j.p.i.JtaPlatformInitiator       : HHH000490: Using JtaPlatform implementation: [org.hibernate.engine.transaction.jta.platform.internal.NoJtaPlatform]
Hibernate: create table cuota (id_cuota integer not null auto_increment, run varchar(255), atraso_meses integer, estado_pago varchar(255), fecha_inicio date, fecha_pago date, monto_inicial integer, tipo_error integer, primary key (id_cuota)) engine=InnoDB
Hibernate: create table estudiante (id_estudiante integer not null auto_increment, run varchar(255), anio_egreso integer, apellidos varchar(255), fecha_nacimiento date, nombre_colegio varchar(255), nombres varchar(255), tipo_colegio varchar(255), primary key (id_estudiante)) engine=InnoDB
Hibernate: create table promedio (id_estudiante integer not null auto_increment, run varchar(255), fecha_promedio date, promedio float(53), primary key (id_estudiante)) engine=InnoDB
Hibernate: create table pruebas (id_prueba integer not null auto_increment, run varchar(255), fecha_prueba date, puntaje integer, primary key (id_prueba)) engine=InnoDB
2023-10-16T01:26:49.076-03:00  INFO 5284 --- [           main] j.LocalContainerEntityManagerFactoryBean : Initialized JPA EntityManagerFactory for persistence unit 'default'
2023-10-16T01:26:49.857-03:00  WARN 5284 --- [           main] JpaBaseConfiguration$JpaWebConfiguration : spring.jpa.open-in-view is enabled by default. Therefore, database queries may be performed during view rendering. Explicitly configure spring.jpa.open-in-view to disable this warning
2023-10-16T01:26:50.129-03:00  INFO 5284 --- [           main] o.s.b.a.w.s.WelcomePageHandlerMapping    : Adding welcome page template: index
2023-10-16T01:26:50.424-03:00  INFO 5284 --- [           main] Mingeso.TopEducation.CuotaServiceTest    : Started CuotaServiceTest in 7.228 seconds (process running for 9.342)
Hibernate: insert into cuota (run,atraso_meses,estado_pago,fecha_inicio,fecha_pago,monto_inicial,tipo_error) values (?,?,?,?,?,?,?)
Hibernate: insert into cuota (run,atraso_meses,estado_pago,fecha_inicio,fecha_pago,monto_inicial,tipo_error) values (?,?,?,?,?,?,?)
]]></system-out>
  </testcase>
  <testcase name="alContado" classname="Mingeso.TopEducation.CuotaServiceTest" time="0.005"/>
  <testcase name="obtenerTodo" classname="Mingeso.TopEducation.CuotaServiceTest" time="0.174">
    <system-out><![CDATA[Hibernate: select c1_0.id_cuota,c1_0.run,c1_0.atraso_meses,c1_0.estado_pago,c1_0.fecha_inicio,c1_0.fecha_pago,c1_0.monto_inicial,c1_0.tipo_error from cuota c1_0
]]></system-out>
  </testcase>
  <testcase name="cuotasMaximasMunicipal" classname="Mingeso.TopEducation.CuotaServiceTest" time="0.005"/>
  <testcase name="buscarCuotasTest" classname="Mingeso.TopEducation.CuotaServiceTest" time="0.156">
    <system-out><![CDATA[Hibernate: insert into cuota (run,atraso_meses,estado_pago,fecha_inicio,fecha_pago,monto_inicial,tipo_error) values (?,?,?,?,?,?,?)
Hibernate: insert into cuota (run,atraso_meses,estado_pago,fecha_inicio,fecha_pago,monto_inicial,tipo_error) values (?,?,?,?,?,?,?)
Hibernate: select c1_0.id_cuota,c1_0.run,c1_0.atraso_meses,c1_0.estado_pago,c1_0.fecha_inicio,c1_0.fecha_pago,c1_0.monto_inicial,c1_0.tipo_error from cuota c1_0 where c1_0.run=?
Hibernate: select c1_0.id_cuota,c1_0.run,c1_0.atraso_meses,c1_0.estado_pago,c1_0.fecha_inicio,c1_0.fecha_pago,c1_0.monto_inicial,c1_0.tipo_error from cuota c1_0
Hibernate: delete from cuota where id_cuota=?
Hibernate: delete from cuota where id_cuota=?
Hibernate: delete from cuota where id_cuota=?
Hibernate: delete from cuota where id_cuota=?
]]></system-out>
  </testcase>
  <testcase name="cuotasMaximasSubvencionado" classname="Mingeso.TopEducation.CuotaServiceTest" time="0.005"/>
  <testcase name="obtenerCuotas" classname="Mingeso.TopEducation.CuotaServiceTest" time="0.007">
    <system-out><![CDATA[Hibernate: select c1_0.id_cuota,c1_0.run,c1_0.atraso_meses,c1_0.estado_pago,c1_0.fecha_inicio,c1_0.fecha_pago,c1_0.monto_inicial,c1_0.tipo_error from cuota c1_0 where c1_0.run=?
]]></system-out>
  </testcase>
  <testcase name="guardarCuotas" classname="Mingeso.TopEducation.CuotaServiceTest" time="0.016">
    <system-out><![CDATA[Hibernate: insert into cuota (run,atraso_meses,estado_pago,fecha_inicio,fecha_pago,monto_inicial,tipo_error) values (?,?,?,?,?,?,?)
Hibernate: select c1_0.id_cuota,c1_0.run,c1_0.atraso_meses,c1_0.estado_pago,c1_0.fecha_inicio,c1_0.fecha_pago,c1_0.monto_inicial,c1_0.tipo_error from cuota c1_0 where c1_0.run=?
]]></system-out>
  </testcase>
  <testcase name="descuentoEgresoMasDeCuatroAniosTest" classname="Mingeso.TopEducation.CuotaServiceTest" time="0.005"/>
  <testcase name="descuentoColegioMunicipalTest" classname="Mingeso.TopEducation.CuotaServiceTest" time="0.005"/>
  <testcase name="descuentoEgresoEntreUnoYDosAniosTest" classname="Mingeso.TopEducation.CuotaServiceTest" time="0.006"/>
  <testcase name="verificarAtrasos" classname="Mingeso.TopEducation.CuotaServiceTest" time="0.004"/>
  <testcase name="fechaPago" classname="Mingeso.TopEducation.CuotaServiceTest" time="0.005"/>
  <testcase name="descuentoEgresoEntreDosYQuatroAniosTest" classname="Mingeso.TopEducation.CuotaServiceTest" time="0.005"/>
  <testcase name="descuentoColegioPrivadoTest" classname="Mingeso.TopEducation.CuotaServiceTest" time="0.004"/>
  <testcase name="cuotasMaximasPrivado" classname="Mingeso.TopEducation.CuotaServiceTest" time="0.007"/>
  <testcase name="generarCuota" classname="Mingeso.TopEducation.CuotaServiceTest" time="0.077">
    <system-out><![CDATA[Hibernate: insert into cuota (run,atraso_meses,estado_pago,fecha_inicio,fecha_pago,monto_inicial,tipo_error) values (?,?,?,?,?,?,?)
Hibernate: insert into cuota (run,atraso_meses,estado_pago,fecha_inicio,fecha_pago,monto_inicial,tipo_error) values (?,?,?,?,?,?,?)
Hibernate: insert into cuota (run,atraso_meses,estado_pago,fecha_inicio,fecha_pago,monto_inicial,tipo_error) values (?,?,?,?,?,?,?)
Hibernate: select c1_0.id_cuota,c1_0.run,c1_0.atraso_meses,c1_0.estado_pago,c1_0.fecha_inicio,c1_0.fecha_pago,c1_0.monto_inicial,c1_0.tipo_error from cuota c1_0 where c1_0.run=?
Hibernate: select c1_0.id_cuota,c1_0.run,c1_0.atraso_meses,c1_0.estado_pago,c1_0.fecha_inicio,c1_0.fecha_pago,c1_0.monto_inicial,c1_0.tipo_error from cuota c1_0 where c1_0.id_cuota=?
Hibernate: delete from cuota where id_cuota=?
Hibernate: select c1_0.id_cuota,c1_0.run,c1_0.atraso_meses,c1_0.estado_pago,c1_0.fecha_inicio,c1_0.fecha_pago,c1_0.monto_inicial,c1_0.tipo_error from cuota c1_0 where c1_0.id_cuota=?
Hibernate: delete from cuota where id_cuota=?
Hibernate: select c1_0.id_cuota,c1_0.run,c1_0.atraso_meses,c1_0.estado_pago,c1_0.fecha_inicio,c1_0.fecha_pago,c1_0.monto_inicial,c1_0.tipo_error from cuota c1_0 where c1_0.id_cuota=?
Hibernate: delete from cuota where id_cuota=?
]]></system-out>
  </testcase>
  <testcase name="descuentoColegioSubvencionadoTest" classname="Mingeso.TopEducation.CuotaServiceTest" time="0.007"/>
  <testcase name="descuentoEgresoMenosDeUnAnioTest" classname="Mingeso.TopEducation.CuotaServiceTest" time="0.009"/>
</testsuite>